Hierarchy
UP2 DUMAI
HOC
COOKER 140-3000
140 PM 24A
1M NDE V-VEL
   4/1/2016 11:13:59
   3/31/2016 16:48:36
   3/30/2016 09:23:21
   3/4/2016 08:33:18
   2/28/2016 21:38:43
1M NDE H-VEL
   4/1/2016 11:14:10
   3/31/2016 09:17:04
   3/30/2016 09:23:49
   3/4/2016 08:33:31
   2/28/2016 21:38:52
1M NDE H-ENV3
   4/1/2016 11:14:15
   3/31/2016 09:17:07
   3/30/2016 09:23:51
   3/4/2016 08:33:41
   2/28/2016 21:38:55
1M NDE H-ACC
   4/1/2016 11:14:20
   3/31/2016 09:17:09
   3/30/2016 09:23:54
   3/4/2016 08:33:52
   2/28/2016 21:38:57
2M DE V-VEL
   4/1/2016 11:14:29
   3/31/2016 09:17:16
   3/30/2016 09:24:07
   3/4/2016 08:34:04
   2/28/2016 21:39:04
2M DE H-VEL
   4/1/2016 11:15:08
   3/31/2016 09:17:33
   3/30/2016 09:24:32
   3/4/2016 08:34:18
   2/28/2016 21:39:17
2M DE H-ENV3
   4/1/2016 11:15:18
   3/31/2016 09:17:37
   3/30/2016 09:24:35
   3/4/2016 08:34:27
   2/28/2016 21:39:21
2M DE H-ACC
   4/1/2016 11:15:22
   3/31/2016 09:17:39
   3/30/2016 09:24:38
   3/4/2016 08:34:31
   2/28/2016 21:39:22
2M DE A-VEL
   4/1/2016 11:15:37
   3/31/2016 09:17:48
   3/30/2016 09:25:04
   3/4/2016 08:34:46
   2/28/2016 21:39:31
3P DE V-VEL
   4/1/2016 11:15:44
   3/31/2016 09:17:54
   3/30/2016 09:25:15
   3/4/2016 08:34:59
   2/28/2016 21:39:40
3P DE H-VEL
   4/1/2016 11:15:55
   3/31/2016 09:18:01
   3/30/2016 09:25:49
   3/4/2016 08:35:11
   2/28/2016 21:39:47
3P DE H-ENV3
   4/1/2016 11:16:14
   3/31/2016 09:18:06
   3/30/2016 09:25:53
   3/4/2016 08:35:17
   2/28/2016 21:39:52
3P DE H-ACC
   4/1/2016 11:16:18
   3/31/2016 09:18:08
   3/30/2016 09:25:57
   3/4/2016 08:35:21
   2/28/2016 21:39:53
3P DE A-VEL
   4/1/2016 11:16:26
   3/31/2016 09:18:16
   3/30/2016 09:26:12
   3/4/2016 08:35:34
   2/28/2016 21:39:59
140 PM 24B
1M NDE V-VEL
   8/9/2016 09:17:54
   7/26/2016 09:06:46
   7/25/2016 23:12:17
   7/1/2016 09:16:09
   6/21/2016 09:27:47
   6/7/2016 09:04:18
   5/24/2016 09:04:59
   5/10/2016 09:03:58
   4/26/2016 09:08:49
   4/12/2016 08:39:56
   4/8/2016 10:20:19
   4/1/2016 15:29:40
   3/31/2016 09:16:30
   3/30/2016 09:21:06
   3/29/2016 09:01:04
   3/16/2016 09:25:41
   1/25/2016 09:22:54
   1/13/2016 09:04:59
   1/7/2016 10:26:55
1M NDE H-VEL
   8/9/2016 09:18:02
   7/26/2016 09:06:54
   7/25/2016 23:12:25
   7/1/2016 09:16:16
   6/21/2016 09:27:54
   6/7/2016 09:04:32
   5/24/2016 09:05:07
   5/10/2016 09:04:07
   4/26/2016 09:08:57
   4/12/2016 08:40:06
   4/8/2016 10:20:28
   4/1/2016 15:30:04
   3/31/2016 16:49:10
   3/30/2016 09:21:16
   3/29/2016 09:01:14
   3/16/2016 09:26:11
   1/25/2016 09:23:01
   1/13/2016 09:05:05
   1/7/2016 10:27:06
1M NDE H-ENV3
   8/9/2016 09:18:06
   7/26/2016 09:06:57
   7/25/2016 23:12:29
   7/1/2016 09:16:20
   6/21/2016 09:27:58
   6/7/2016 09:04:37
   5/24/2016 09:05:09
   5/10/2016 09:04:11
   4/26/2016 09:09:01
   4/12/2016 08:40:09
   4/8/2016 10:20:33
   4/1/2016 15:30:09
   3/31/2016 16:49:15
   3/30/2016 09:21:19
   1/25/2016 09:23:19
   1/13/2016 09:05:09
   1/7/2016 10:27:10
1M NDE H-ACC
   8/9/2016 09:18:08
   7/26/2016 09:06:59
   7/25/2016 23:12:31
   7/1/2016 09:16:22
   6/21/2016 09:28:00
   6/7/2016 09:04:39
   5/24/2016 09:05:11
   5/10/2016 09:04:12
   4/26/2016 09:09:03
   4/12/2016 08:40:11
   4/8/2016 10:20:35
   4/1/2016 15:30:16
   3/31/2016 16:49:20
   3/30/2016 09:21:21
   3/29/2016 09:01:19
   3/16/2016 09:26:16
   1/25/2016 09:23:22
   1/13/2016 09:05:11
   1/7/2016 10:27:12
2M DE V-VEL
   8/9/2016 09:18:16
   7/26/2016 09:07:07
   7/25/2016 23:12:40
   7/1/2016 09:16:34
   6/21/2016 09:28:05
   6/7/2016 09:04:48
   5/24/2016 09:05:20
   5/10/2016 09:04:22
   4/26/2016 09:09:13
   4/12/2016 08:40:20
   4/8/2016 10:20:49
   4/1/2016 15:30:28
   3/31/2016 16:49:28
   3/30/2016 09:21:38
   3/29/2016 09:01:35
   3/16/2016 09:26:24
   1/25/2016 09:23:37
   1/13/2016 09:05:30
   1/7/2016 10:27:34
2M DE H-VEL
   8/9/2016 09:18:28
   7/26/2016 09:07:38
   7/25/2016 23:12:54
   7/1/2016 09:16:47
   6/21/2016 09:28:18
   6/7/2016 09:05:02
   5/24/2016 09:05:33
   5/10/2016 09:04:37
   4/26/2016 09:09:27
   4/12/2016 08:40:34
   4/8/2016 10:21:01
   4/1/2016 15:32:14
   3/31/2016 16:49:46
   3/30/2016 09:21:57
   3/29/2016 09:01:51
   3/16/2016 09:26:33
   1/25/2016 09:23:43
   1/13/2016 09:06:10
   1/7/2016 10:27:54
2M DE H-ENV3
   8/9/2016 09:18:32
   7/26/2016 09:07:41
   7/25/2016 23:12:58
   7/1/2016 09:16:51
   6/21/2016 09:28:23
   6/7/2016 09:05:06
   5/24/2016 09:05:35
   5/10/2016 09:04:41
   4/26/2016 09:09:34
   4/12/2016 08:40:41
   4/8/2016 10:21:07
   4/1/2016 15:32:21
   3/31/2016 16:50:07
   3/30/2016 09:21:59
   3/29/2016 09:01:54
   3/16/2016 09:26:36
   1/25/2016 09:24:02
   1/13/2016 09:06:14
   1/7/2016 10:27:58
2M DE H-ACC
   8/9/2016 09:18:34
   7/26/2016 09:07:43
   7/25/2016 23:13:00
   7/1/2016 09:16:53
   6/21/2016 09:28:25
   6/7/2016 09:05:08
   5/24/2016 09:05:37
   5/10/2016 09:04:42
   4/26/2016 09:09:35
   4/12/2016 08:40:42
   4/8/2016 10:21:09
   4/1/2016 15:32:29
   3/31/2016 16:50:14
   3/30/2016 09:22:02
   3/29/2016 09:01:57
   3/16/2016 09:26:38
   1/25/2016 09:24:05
   1/13/2016 09:06:15
   1/7/2016 10:28:00
2M DE A-VEL
   8/9/2016 09:18:40
   7/26/2016 09:07:49
   7/25/2016 23:13:08
   7/1/2016 09:16:59
   6/21/2016 09:28:35
   6/7/2016 09:05:14
   5/24/2016 09:05:43
   5/10/2016 09:04:49
   4/26/2016 09:09:42
   4/12/2016 08:40:49
   4/8/2016 10:21:16
   4/1/2016 15:32:42
   3/31/2016 16:50:24
   3/30/2016 09:22:17
   3/29/2016 09:02:11
   3/16/2016 09:26:46
   1/25/2016 09:24:22
   1/13/2016 09:06:23
   1/7/2016 10:28:12
3P DE V-VEL
   8/9/2016 09:18:48
   7/26/2016 09:07:57
   7/25/2016 23:13:16
   7/1/2016 09:17:09
   6/21/2016 09:28:44
   6/7/2016 09:05:23
   5/24/2016 09:05:50
   5/10/2016 09:04:57
   4/26/2016 09:09:51
   4/12/2016 08:40:56
   4/8/2016 10:21:25
   4/1/2016 15:32:50
   3/31/2016 16:50:43
   3/30/2016 09:22:25
   3/29/2016 09:02:25
   3/16/2016 09:26:52
   1/25/2016 09:24:29
   1/13/2016 09:06:30
   1/7/2016 10:28:24
3P DE H-VEL
   8/9/2016 09:18:59
   7/26/2016 09:08:06
   7/25/2016 23:13:31
   7/1/2016 09:17:16
   6/21/2016 09:28:52
   6/7/2016 09:05:36
   5/24/2016 09:05:57
   5/10/2016 09:05:04
   4/26/2016 09:10:02
   4/12/2016 08:41:04
   4/8/2016 10:21:35
   4/1/2016 15:33:04
   3/31/2016 16:51:06
   3/30/2016 09:22:35
   3/29/2016 09:02:35
   3/16/2016 09:26:59
   1/25/2016 09:24:36
   1/13/2016 09:06:37
   1/7/2016 10:28:38
3P DE H-ENV3
   8/9/2016 09:19:02
   7/26/2016 09:08:11
   7/25/2016 23:13:35
   7/1/2016 09:17:20
   6/21/2016 09:28:56
   6/7/2016 09:05:40
   5/24/2016 09:05:59
   5/10/2016 09:05:08
   4/26/2016 09:10:07
   4/12/2016 08:41:08
   4/8/2016 10:21:39
   4/1/2016 15:33:22
   3/31/2016 16:51:30
   3/30/2016 09:22:38
   3/29/2016 09:02:38
   3/16/2016 09:27:03
   1/25/2016 09:24:39
   1/13/2016 09:06:41
   1/7/2016 10:28:42
3P DE H-ACC
   8/9/2016 09:19:04
   7/26/2016 09:08:12
   7/25/2016 23:13:37
   7/1/2016 09:17:22
   6/21/2016 09:28:58
   6/7/2016 09:05:42
   5/24/2016 09:06:01
   5/10/2016 09:05:09
   4/26/2016 09:10:09
   4/12/2016 08:41:10
   4/8/2016 10:21:41
   4/1/2016 15:33:27
   3/31/2016 16:51:36
   3/30/2016 09:22:41
   3/29/2016 09:02:41
   3/16/2016 09:27:05
   1/25/2016 09:24:43
   1/13/2016 09:06:43
   1/7/2016 10:28:44
3P DE A-VEL
   8/9/2016 09:19:10
   7/26/2016 09:08:20
   7/25/2016 23:13:44
   7/1/2016 09:17:30
   6/21/2016 09:29:05
   6/7/2016 09:05:52
   5/24/2016 09:06:07
   5/10/2016 09:05:18
   4/26/2016 09:10:18
   4/12/2016 08:41:20
   4/8/2016 10:21:48
   4/1/2016 15:33:40
   3/31/2016 16:51:45
   3/30/2016 09:22:50
   3/29/2016 09:02:56
   3/16/2016 09:27:12
   1/25/2016 09:24:50
   1/13/2016 09:06:53
   1/7/2016 10:28:58
140 PM 25A
1M NDE V-VEL
   8/9/2016 09:15:58
   5/10/2016 09:01:32
   4/26/2016 09:06:49
   4/14/2016 14:29:07
   3/23/2016 11:20:47
   3/16/2016 09:21:34
   1/13/2016 09:07:13
1M NDE H-VEL
   8/9/2016 09:16:11
   5/10/2016 09:01:39
   4/26/2016 09:06:56
   4/14/2016 14:29:18
   3/23/2016 11:20:58
   3/16/2016 09:21:46
   1/13/2016 09:07:22
1M NDE H-ENV3
   8/9/2016 09:16:16
   5/10/2016 09:01:42
   4/26/2016 09:07:00
   4/14/2016 14:29:25
   3/23/2016 11:21:05
   3/16/2016 09:21:50
   1/13/2016 09:07:26
1M NDE H-ACC
   8/9/2016 09:16:25
   5/10/2016 09:01:44
   4/26/2016 09:07:02
   4/14/2016 14:29:28
   3/23/2016 11:21:11
   3/16/2016 09:21:52
   1/13/2016 09:07:28
2M DE V-VEL
   8/9/2016 09:16:36
   5/10/2016 09:01:50
   4/26/2016 09:07:18
   4/14/2016 14:29:39
   3/23/2016 11:21:24
   3/16/2016 09:22:02
   1/13/2016 09:07:34
2M DE H-VEL
   8/9/2016 09:16:43
   5/10/2016 09:01:59
   4/26/2016 09:07:27
   4/14/2016 14:29:48
   3/23/2016 11:21:35
   3/16/2016 09:22:09
   1/13/2016 09:07:41
2M DE H-ENV3
   8/9/2016 09:16:47
   5/10/2016 09:02:02
   4/26/2016 09:07:30
   4/14/2016 14:29:53
   3/23/2016 11:21:39
   1/13/2016 09:07:45
2M DE H-ACC
   8/9/2016 09:16:49
   5/10/2016 09:02:04
   4/26/2016 09:07:32
   4/14/2016 14:29:58
   3/23/2016 11:21:43
   3/16/2016 09:22:14
   1/13/2016 09:07:46
2M DE A-VEL
   8/9/2016 09:16:55
   5/10/2016 09:02:11
   4/26/2016 09:07:46
   4/14/2016 14:30:09
   3/23/2016 11:21:51
   3/16/2016 09:22:20
   1/13/2016 09:07:53
3P DE V-VEL
   8/9/2016 09:17:08
   5/10/2016 09:02:19
   4/26/2016 09:07:54
   4/14/2016 14:30:15
   3/23/2016 11:22:34
   3/16/2016 09:23:26
   1/13/2016 09:08:01
3P DE H-VEL
   8/9/2016 09:17:15
   5/10/2016 09:02:27
   4/26/2016 09:08:02
   4/14/2016 14:30:21
   3/23/2016 11:22:43
   3/16/2016 09:25:05
   1/13/2016 09:08:10
3P DE H-ENV3
   8/9/2016 09:17:19
   5/10/2016 09:02:30
   4/26/2016 09:08:06
   4/14/2016 14:30:25
   3/23/2016 11:22:51
   3/16/2016 09:25:10
   1/13/2016 09:08:13
3P DE H-ACC
   8/9/2016 09:17:21
   5/10/2016 09:02:32
   4/26/2016 09:08:08
   4/14/2016 14:30:28
   3/23/2016 11:22:56
   3/16/2016 09:25:12
   1/13/2016 09:08:15
3P DE A-VEL
   8/9/2016 09:17:29
   5/10/2016 09:02:41
   4/26/2016 09:08:16
   4/14/2016 14:30:35
   3/23/2016 11:23:36
   3/16/2016 09:25:23
   1/13/2016 09:08:25
1 warning(s) encountered during export
1 warning(s) encountered during export

Measurements - Time - 51
Measurements - Overall - 434
Measurements - FFT - 434
